<?xml version="1.0" encoding="UTF-8"?>
<testng-results ignored="0" total="2" passed="2" failed="0" skipped="0">
  <reporter-output>
    <line>
      <![CDATA[google website is opened]]>
    </line>
    <line>
      <![CDATA[lumens website is opened]]>
    </line>
  </reporter-output>
  <suite started-at="2021-04-12T13:17:26 IST" name="Suite" finished-at="2021-04-12T13:17:52 IST" duration-ms="26102">
    <groups>
    </groups>
    <test started-at="2021-04-12T13:17:26 IST" name="Test" finished-at="2021-04-12T13:17:52 IST" duration-ms="26102">
      <class name="PrallelExecution.PrallelExecution">
        <test-method signature="verifyparallel1()[pri:0, instance:PrallelExecution.PrallelExecution@57d7f8ca]" started-at="2021-04-12T13:17:26 IST" name="verifyparallel1" finished-at="2021-04-12T13:17:34 IST" duration-ms="8529" status="PASS">
          <reporter-output>
            <line>
              <![CDATA[google website is opened]]>
            </line>
          </reporter-output>
        </test-method> <!-- verifyparallel1 -->
        <test-method signature="verifyparallel()[pri:0, instance:PrallelExecution.PrallelExecution@57d7f8ca]" started-at="2021-04-12T13:17:26 IST" name="verifyparallel" finished-at="2021-04-12T13:17:52 IST" duration-ms="26031" status="PASS">
          <reporter-output>
            <line>
              <![CDATA[lumens website is opened]]>
            </line>
          </reporter-output>
        </test-method> <!-- verifyparallel -->
      </class> <!-- PrallelExecution.PrallelExecution -->
    </test> <!-- Test -->
  </suite> <!-- Suite -->
</testng-results>
